open! Core
open! Grace
open Diagnostic

let source name content : Source.t =
  `String { name = Some name; content = Dedent.string content }
;;

let range ~source start stop =
  Range.create ~source (Byte_index.of_int start) (Byte_index.of_int stop)
;;

let pr_diagnostics diagnostics =
  let open Grace_ansi_renderer in
  (* Disable colors for tests (since expect tests don't support ANSI colors) *)
  let config = Config.{ default with use_ansi = false } in
  Fmt.(
    list
      ~sep:(fun ppf () -> pf ppf "@.@.@.")
      (fun ppf diagnostic ->
        pp_diagnostic ~config ppf diagnostic;
        pf ppf "@.@.";
        pp_compact_diagnostic ~config ppf diagnostic))
    Fmt.stdout
    diagnostics
;;

let pr_bad_diagnostics diagnostics =
  let open Grace_ansi_renderer in
  let config = Config.{ default with use_ansi = false } in
  Fmt.(
    list
      ~sep:(fun ppf () -> pf ppf "@.@.")
      (fun ppf diagnostic ->
        try pp_diagnostic ~config ppf diagnostic with
        | exn -> Fmt.pf ppf "Raised: %s" (Exn.to_string exn)))
    Fmt.stdout
    diagnostics
;;

(* Taken from https://github.com/brendanzab/codespan/blob/master/codespan-reporting/tests/term.rs *)

let%expect_test "empty" =
  let diagnostics =
    let empty severity =
      Diagnostic.
        { severity; message = (fun ppf -> Fmt.pf ppf ""); labels = []; notes = [] }
    in
    List.map ~f:empty Severity.[ Help; Note; Warning; Error; Bug ]
  in
  pr_diagnostics diagnostics;
  [%expect
    {|
    help:

    help:


    note:

    note:


    warning:

    warning:


    error:

    error:


    bug:

    bug: |}]
;;

let%expect_test "same_line" =
  let source =
    source
      "one_line.rs"
      {|  
      > fn main() {
      >     let mut v = vec![Some("foo"), Some("bar")];
      >     v.push(v.pop().unwrap());
      > }
      |}
  in
  let diagnostics =
    [ Diagnostic.createf
        ~labels:
          [ Label.primaryf
              ~range:(range ~source 71 72)
              "second mutable borrow occurs here"
          ; Label.secondaryf
              ~range:(range ~source 64 65)
              "first borrow later used by call"
          ; Label.secondaryf
              ~range:(range ~source 66 70)
              "first mutable borrow occurs here"
          ]
        Error
        "cannot borrow `v` as mutable more than once at a time"
    ; Diagnostic.createf
        ~notes:
          [ Message.create "For more information about this error, try `rustc --explain`"
          ]
        Error
        "aborting due to previous error"
    ]
  in
  pr_diagnostics diagnostics;
  [%expect
    {|
    error: cannot borrow `v` as mutable more than once at a time
        â”Œâ”€ one_line.rs:3:12
      3 â”‚      v.push(v.pop().unwrap());
        â”‚      - ---- ^ second mutable borrow occurs here
        â”‚      â”‚ â”‚
        â”‚      â”‚ first mutable borrow occurs here
        â”‚      first borrow later used by call

    one_line.rs:3:12: error: cannot borrow `v` as mutable more than once at a time


    error: aborting due to previous error
        = For more information about this error, try `rustc --explain`

    error: aborting due to previous error
     = For more information about this error, try `rustc --explain` |}]
;;

let%expect_test "overlapping" =
  let s1 =
    source
      "nested_impl_trait.rs"
      {|
      > use std::fmt::Debug;
      >
      > fn fine(x: impl Into<u32>) -> impl Into<u32> { x }
      >
      > fn bad_in_ret_position(x: impl Into<u32>) -> impl Into<impl Debug> { x }
      |}
  in
  let s2 =
    source
      "typeck_type_placeholder_item.rs"
      {|
      > fn fn_test1() -> _ { 5 }
      > fn fn_test2(x: i32) -> (_, _) { (x, x) }  
      |}
  in
  let s3 =
    source
      "libstd/thread/mod.rs"
      {|
      > #[stable(feature = "rust1", since = "1.0.0")]
      > pub fn spawn<F, T>(self, f: F) -> io::Result<JoinHandle<T>>
      > where
      >     F: FnOnce() -> T,
      >     F: Send + 'static,
      >     T: Send + 'static,
      > {
      >  unsafe { self.spawn_unchecked(f) }
      > }
      |}
  in
  let s4 =
    source
      "no_send_res_ports.rs"
      {|
      > use std::thread;
      > use std::rc::Rc;
      >
      > #[derive(Debug)]
      > struct Port<T>(Rc<T>);
      >
      > fn main() {
      >     #[derive(Debug)]
      >     struct Foo {
      >         _x: Port<()>,
      >     }
      >
      >     impl Drop for Foo {
      >         fn drop(&mut self) {}
      >     }
      >
      >     fn foo(x: Port<()>) -> Foo {
      >         Foo {
      >             _x: x
      >         }
      >     }
      >
      >     let x = foo(Port(Rc::new(())));
      >
      >     thread::spawn(move|| {
      >         let y = x;
      >         println!("{:?}", y);
      >     });
      > }
      |}
  in
  let diagnostics =
    Diagnostic.
      [ createf
          ~labels:
            Label.
              [ primaryf ~range:(range ~source:s1 129 139) "nested `impl Trait` here"
              ; secondaryf ~range:(range ~source:s1 119 140) "outer `impl Trait`"
              ]
          Error
          "nested `impl Trait` is not allowed"
      ; createf
          ~labels:
            Label.
              [ primaryf ~range:(range ~source:s2 17 18) "not allowed in type signatures"
              ; secondaryf
                  ~range:(range ~source:s2 17 18)
                  "help: replace with the correct return type: `i32`"
              ]
          Error
          "the type placeholder `_` is not allowed within types on item signatures"
      ; createf
          ~labels:
            Label.
              [ primaryf ~range:(range ~source:s2 49 50) "not allowed in type signatures"
              ; primaryf ~range:(range ~source:s2 52 53) "not allowed in type signatures"
              ; secondaryf
                  ~range:(range ~source:s2 48 54)
                  "help: replace with the correct return type: `(i32, i32)`"
              ]
          Error
          "the type placeholder `_` is not allowed within types on item signatures"
      ; createf
          ~labels:
            Label.
              [ primaryf
                  ~range:(range ~source:s4 339 352)
                  "`std::rc::Rc<()> cannot be sent between threads safely`"
              ; secondaryf
                  ~range:(range ~source:s4 353 416)
                  "within this `[closure@no_send_res_ports.rs:29:19: 33:6 x:main::Foo]`"
              ; secondaryf
                  ~range:(range ~source:s3 141 145)
                  "required by this bound in `std::thread::spawn`"
              ]
          ~notes:
            Message.
              [ create
                  "help: within `[closure@no_send_res_ports.rs:29:19: 33:6 \
                   x:main::Foo]`, the trait `std::marker::Send` is not implemented for \
                   `std::rc::Rc<()>`"
              ; create "note: required because it appears within the type `Port<()>`"
              ; create "note: required because it appears within the type `main::Foo`"
              ; create
                  "note: required because it appears within the type \
                   `[closure@no_send_res_ports.rs:29:19: 33:6 x:main::Foo]`"
              ]
          Error
          "`std::rc::Rc<()>` cannot be sent between threads safely"
      ; createf
          ~notes:
            Message.
              [ create "Some errors have detailed explanations: ..."
              ; create "For more information about an error, try `rustc --explain`"
              ]
          Error
          "aborting due 5 previous errors"
      ]
  in
  pr_diagnostics diagnostics;
  [%expect
    {|
    error: nested `impl Trait` is not allowed
        â”Œâ”€ nested_impl_trait.rs:5:56
      5 â”‚  fn bad_in_ret_position(x: impl Into<u32>) -> impl Into<impl Debug> { x }
        â”‚                                               ----------^^^^^^^^^^-
        â”‚                                               â”‚         â”‚
        â”‚                                               â”‚         nested `impl Trait` here
        â”‚                                               outer `impl Trait`

    nested_impl_trait.rs:5:56: error: nested `impl Trait` is not allowed


    error: the type placeholder `_` is not allowed within types on item signatures
        â”Œâ”€ typeck_type_placeholder_item.rs:1:18
      1 â”‚  fn fn_test1() -> _ { 5 }
        â”‚                   ^
        â”‚                   â”‚
        â”‚                   not allowed in type signatures
        â”‚                   help: replace with the correct return type: `i32`

    typeck_type_placeholder_item.rs:1:18: error: the type placeholder `_` is not allowed within types on item signatures


    error: the type placeholder `_` is not allowed within types on item signatures
        â”Œâ”€ typeck_type_placeholder_item.rs:2:28
      2 â”‚  fn fn_test2(x: i32) -> (_, _) { (x, x) }
        â”‚                         -^--^-
        â”‚                         â”‚â”‚  â”‚
        â”‚                         â”‚â”‚  not allowed in type signatures
        â”‚                         â”‚not allowed in type signatures
        â”‚                         help: replace with the correct return type: `(i32, i32)`

    typeck_type_placeholder_item.rs:2:28: error: the type placeholder `_` is not allowed within types on item signatures


    error: `std::rc::Rc<()>` cannot be sent between threads safely
        â”Œâ”€ libstd/thread/mod.rs:5:8
      5 â”‚        F: Send + 'static,
        â”‚           ---- required by this bound in `std::thread::spawn`
        â”Œâ”€ no_send_res_ports.rs:25:5
     24 â”‚
     25 â”‚        thread::spawn(move|| {
        â”‚        ^^^^^^^^^^^^^ `std::rc::Rc<()> cannot be sent between threads safely`
        â”‚ â•­â”€â”€â”€â”€â”€â”€â”€â”€â”€â”€â”€â”€â”€â”€â”€â”€â”€â”€â”€â”€'
     26 â”‚ â”‚          let y = x;
     27 â”‚ â”‚          println!("{:?}", y);
     28 â”‚ â”‚      });
        â”‚ â•°â”€â”€â”€â”€â”€â”€â”€' within this `[closure@no_send_res_ports.rs:29:19: 33:6 x:main::Foo]`
     29 â”‚    }
        = help: within `[closure@no_send_res_ports.rs:29:19: 33:6 x:main::Foo]`, the trait `std::marker::Send` is not implemented for `std::rc::Rc<()>`
        = note: required because it appears within the type `Port<()>`
        = note: required because it appears within the type `main::Foo`
        = note: required because it appears within the type `[closure@no_send_res_ports.rs:29:19: 33:6 x:main::Foo]`

    libstd/thread/mod.rs:5:8: error: `std::rc::Rc<()>` cannot be sent between threads safely
    no_send_res_ports.rs:25:5: error: `std::rc::Rc<()>` cannot be sent between threads safely
     = help: within `[closure@no_send_res_ports.rs:29:19: 33:6 x:main::Foo]`, the trait `std::marker::Send` is not implemented for `std::rc::Rc<()>`
     = note: required because it appears within the type `Port<()>`
     = note: required because it appears within the type `main::Foo`
     = note: required because it appears within the type `[closure@no_send_res_ports.rs:29:19: 33:6 x:main::Foo]`


    error: aborting due 5 previous errors
        = Some errors have detailed explanations: ...
        = For more information about an error, try `rustc --explain`

    error: aborting due 5 previous errors
     = Some errors have detailed explanations: ...
     = For more information about an error, try `rustc --explain` |}]
;;

let%expect_test "same ranges" =
  let source = source "same_range" "::S { }" in
  let diagnostics =
    Diagnostic.
      [ createf
          ~labels:
            Label.
              [ primaryf ~range:(range ~source 4 5) "Unexpected '{'"
              ; secondaryf ~range:(range ~source 4 5) "Expected '('"
              ]
          Error
          "unexpected token"
      ]
  in
  pr_diagnostics diagnostics;
  [%expect
    {|
    error: unexpected token
        â”Œâ”€ same_range:1:5
      1 â”‚  ::S { }
        â”‚      ^
        â”‚      â”‚
        â”‚      Unexpected '{'
        â”‚      Expected '('

    same_range:1:5: error: unexpected token |}]
;;

let%expect_test "multiline_overlapping" =
  let source =
    source
      "file.rs"
      {|
      >         match line_index.compare(self.last_line_index()) {
      >             Ordering::Less => Ok(self.line_starts()[line_index.to_usize()]),
      >             Ordering::Equal => Ok(self.source_span().end()),
      >             Ordering::Greater => LineIndexOutOfBoundsError {
      >                 given: line_index,
      >                 max: self.last_line_index()
      >             },
      >         }
      |}
  in
  let diagnostics =
    Diagnostic.
      [ createf
          ~notes:
            [ Message.create
                "expected `Result<ByteIndex, LineIndexOutOfBoundsError>`, found \
                 `LineIndexOutOfBoundsError`"
            ]
          ~labels:
            Label.
              [ secondaryf
                  ~range:(range ~source 89 134)
                  "this is found to be of type `Result<ByteIndex, \
                   LineIndexOutOfBoundsError>`"
              ; primaryf
                  ~range:(range ~source 230 350)
                  "expected enum `Result`, found struct `LineIndexOutOfBoundsError`"
              ; secondaryf
                  ~range:(range ~source 8 361)
                  "`match` arms have incompatible types"
              ; secondaryf
                  ~range:(range ~source 167 195)
                  "this is found to be of type `Result<ByteIndex, \
                   LineIndexOutOfBoundsError>`"
              ]
          Error
          "match arms have incompatible types"
      ]
  in
  pr_diagnostics diagnostics;
  [%expect
    {|
    error: match arms have incompatible types
        â”Œâ”€ file.rs:4:34
      1 â”‚ â•­â”€â”€â”€â”€        match line_index.compare(self.last_line_index()) {
      2 â”‚ â”‚                Ordering::Less => Ok(self.line_starts()[line_index.to_usize()]),
        â”‚ â”‚                                  --------------------------------------------- this is found to be of type `Result<ByteIndex, LineIndexOutOfBoundsError>`
      3 â”‚ â”‚                Ordering::Equal => Ok(self.source_span().end()),
        â”‚ â”‚                                   ---------------------------- this is found to be of type `Result<ByteIndex, LineIndexOutOfBoundsError>`
      4 â”‚ â”‚                Ordering::Greater => LineIndexOutOfBoundsError {
        â”‚ â”‚ â•­â”€â”€â”€â”€â”€â”€â”€â”€â”€â”€â”€â”€â”€â”€â”€â”€â”€â”€â”€â”€â”€â”€â”€â”€â”€â”€â”€â”€â”€â”€â”€â”€â”€â”€â”€^
      5 â”‚ â”‚ â”‚                  given: line_index,
      6 â”‚ â”‚ â”‚                  max: self.last_line_index()
      7 â”‚ â”‚ â”‚              },
        â”‚ â”‚ â•°â”€â”€â”€â”€â”€â”€â”€â”€â”€â”€â”€â”€â”€â”€^ expected enum `Result`, found struct `LineIndexOutOfBoundsError`
      8 â”‚ â”‚            }
        â”‚ â•°â”€â”€â”€â”€â”€â”€â”€â”€â”€â”€â”€â”€' `match` arms have incompatible types
        = expected `Result<ByteIndex, LineIndexOutOfBoundsError>`, found `LineIndexOutOfBoundsError`

    file.rs:4:34: error: match arms have incompatible types
     = expected `Result<ByteIndex, LineIndexOutOfBoundsError>`, found `LineIndexOutOfBoundsError` |}]
;;

let%expect_test "unicode" =
  let source = source "unicode.rs" {|extern "è·¯æ¿«ç‹¼Ã¡ÌÌ" fn foo() {}|} in
  let diagnostics =
    Diagnostic.
      [ createf
          ~notes:
            [ Message.createf
                "@[<v 3>valid ABIs:@.- aapcs@.- amdgpu-kernel@.- C@.- cdecl@.- efiapi@.- \
                 fastcall@.- msp430-interrupt@.- platform-intrinsic@.- ptx-kernel@.- \
                 Rust@.- rust-call@.- rust-intrinsic@.- stdcall@.- system@.- sysv64@.- \
                 thiscall@.- unadjusted@.- vectorcall@.- win64@.- x86-interrupt@]"
            ]
          ~labels:[ Label.primaryf ~range:(range ~source 7 24) "invalid ABI" ]
          Error
          "invalid ABI: found `è·¯æ¿«ç‹¼Ã¡ÌÌ`"
      ]
  in
  pr_diagnostics diagnostics;
  [%expect
    {|
    error: invalid ABI: found `è·¯æ¿«ç‹¼Ã¡ÌÌ`
        â”Œâ”€ unicode.rs:1:8
      1 â”‚  extern "è·¯æ¿«ç‹¼Ã¡ÌÌ" fn foo() {}
        â”‚         ^^^^^^^^ invalid ABI
        = valid ABIs:
          - aapcs
          - amdgpu-kernel
          - C
          - cdecl
          - efiapi
          - fastcall
          - msp430-interrupt
          - platform-intrinsic
          - ptx-kernel
          - Rust
          - rust-call
          - rust-intrinsic
          - stdcall
          - system
          - sysv64
          - thiscall
          - unadjusted
          - vectorcall
          - win64
          - x86-interrupt

    unicode.rs:1:8: error: invalid ABI: found `è·¯æ¿«ç‹¼Ã¡ÌÌ`
     = valid ABIs:
       - aapcs
       - amdgpu-kernel
       - C
       - cdecl
       - efiapi
       - fastcall
       - msp430-interrupt
       - platform-intrinsic
       - ptx-kernel
       - Rust
       - rust-call
       - rust-intrinsic
       - stdcall
       - system
       - sysv64
       - thiscall
       - unadjusted
       - vectorcall
       - win64
       - x86-interrupt |}]
;;

let%expect_test "unicode spans" =
  let source = source "moon_jump.rs" "ğŸ„ğŸŒ‘ğŸ„ğŸŒ’ğŸ„ğŸŒ“ğŸ„ğŸŒ”ğŸ„ğŸŒ•ğŸ„ğŸŒ–ğŸ„ğŸŒ—ğŸ„ğŸŒ˜ğŸ„" in
  let invalid_start = 1 in
  let invalid_stop = String.length "ğŸ„" - 1 in
  let diagnostics =
    Diagnostic.
      [ createf
          ~labels:
            [ Label.primaryf
                ~range:(range ~source invalid_start invalid_stop)
                "Invalid jump"
            ]
          Error
          "Cow may not jump during new moon."
      ; createf
          ~labels:
            [ Label.secondaryf
                ~range:(range ~source invalid_start (String.length "ğŸ„"))
                "Cow range does not start at boundary."
            ]
          Note
          "Invalid unicode range"
      ; createf
          ~labels:
            [ Label.secondaryf
                ~range:(range ~source (String.length "ğŸ„ğŸŒ‘") (String.length "ğŸ„ğŸŒ‘ğŸ„" - 1))
                "Cow range does not end at boundary"
            ]
          Note
          "Invalid unicode range"
      ; createf
          ~labels:
            [ Label.secondaryf
                ~range:(range ~source invalid_start (String.length "ğŸ„ğŸŒ‘ğŸ„" - 1))
                "Cow does not start or end at boundary."
            ]
          Note
          "Invalid unicode range"
      ]
  in
  pr_bad_diagnostics diagnostics;
  [%expect
    {|
    Raised: (Invalid_argument "invalid UTF-8")

    Raised: (Invalid_argument "invalid UTF-8")

    Raised: (Invalid_argument "invalid UTF-8")

    Raised: (Invalid_argument "invalid UTF-8") |}]
;;
